<?xml version="1.0" encoding="UTF-8"?>
<!-- Generated by org.testng.reporters.JUnitReportReporter -->
<testsuite skipped="0" hostname="LP-5CG1225D72" name="Function2.func" tests="1" failures="0" timestamp="2021-08-25T19:41:40 IST" time="18.031" errors="0">
  <testcase name="sample" time="18.031" classname="Function2.func"/>
  <system-out/>
</testsuite> <!-- Function2.func -->
